<?xml version="1.0" encoding="UTF-8"?>
<testng-results skipped="0" failed="0" ignored="0" total="1" passed="1">
  <reporter-output>
  </reporter-output>
  <suite name="Suite" duration-ms="16416" started-at="2021-02-26T17:06:47 IST" finished-at="2021-02-26T17:07:03 IST">
    <groups>
    </groups>
    <test name="Test" duration-ms="16416" started-at="2021-02-26T17:06:47 IST" finished-at="2021-02-26T17:07:03 IST">
      <class name="com.htc.screenShot.main.ScreenShot">
        <test-method status="PASS" signature="setup()[pri:0, instance:com.htc.screenShot.main.ScreenShot@6c49835d]" name="setup" is-config="true" duration-ms="19" started-at="2021-02-26T17:06:47 IST" finished-at="2021-02-26T17:06:47 IST">
          <reporter-output>
          </reporter-output>
        </test-method> <!-- setup -->
        <test-method status="PASS" signature="testSearchBox_screenShot()[pri:0, instance:com.htc.screenShot.main.ScreenShot@6c49835d]" name="testSearchBox_screenShot" duration-ms="16292" started-at="2021-02-26T17:06:47 IST" finished-at="2021-02-26T17:07:03 IST">
          <reporter-output>
          </reporter-output>
        </test-method> <!-- testSearchBox_screenShot -->
      </class> <!-- com.htc.screenShot.main.ScreenShot -->
    </test> <!-- Test -->
  </suite> <!-- Suite -->
</testng-results>
