<?xml version="1.0" encoding="UTF-8"?>
<testng-results skipped="0" failed="0" ignored="0" total="1" passed="1">
  <reporter-output>
  </reporter-output>
  <suite name="Default suite" duration-ms="44278" started-at="2021-02-19T10:03:34 IST" finished-at="2021-02-19T10:04:18 IST">
    <groups>
    </groups>
    <test name="Default test" duration-ms="44278" started-at="2021-02-19T10:03:34 IST" finished-at="2021-02-19T10:04:18 IST">
      <class name="com.htc.screenShot.main.ScreenShot">
        <test-method status="PASS" signature="setup()[pri:0, instance:com.htc.screenShot.main.ScreenShot@5e853265]" name="setup" is-config="true" duration-ms="34" started-at="2021-02-19T10:03:34 IST" finished-at="2021-02-19T10:03:34 IST">
          <reporter-output>
          </reporter-output>
        </test-method> <!-- setup -->
        <test-method status="PASS" signature="testSearchBox_screenShot()[pri:0, instance:com.htc.screenShot.main.ScreenShot@5e853265]" name="testSearchBox_screenShot" duration-ms="44158" started-at="2021-02-19T10:03:34 IST" finished-at="2021-02-19T10:04:18 IST">
          <reporter-output>
          </reporter-output>
        </test-method> <!-- testSearchBox_screenShot -->
        <test-method status="PASS" signature="tearDown()[pri:0, instance:com.htc.screenShot.main.ScreenShot@5e853265]" name="tearDown" is-config="true" duration-ms="1" started-at="2021-02-19T10:04:18 IST" finished-at="2021-02-19T10:04:18 IST">
          <reporter-output>
          </reporter-output>
        </test-method> <!-- tearDown -->
      </class> <!-- com.htc.screenShot.main.ScreenShot -->
    </test> <!-- Default test -->
  </suite> <!-- Default suite -->
</testng-results>
